nohup: ignoring input
2019-10-16 13:29:49.162720: I tensorflow/core/platform/cpu_feature_guard.cc:141] Your CPU supports instructions that this TensorFlow binary was not compiled to use: AVX2 FMA
2019-10-16 13:29:49.317400: I tensorflow/stream_executor/cuda/cuda_gpu_executor.cc:897] successful NUMA node read from SysFS had negative value (-1), but there must be at least one NUMA node, so returning NUMA node zero
2019-10-16 13:29:49.318364: I tensorflow/core/common_runtime/gpu/gpu_device.cc:1392] Found device 0 with properties: 
name: GeForce GTX 1080 Ti major: 6 minor: 1 memoryClockRate(GHz): 1.582
pciBusID: 0000:06:00.0
totalMemory: 10.92GiB freeMemory: 10.76GiB
2019-10-16 13:29:49.318380: I tensorflow/core/common_runtime/gpu/gpu_device.cc:1471] Adding visible gpu devices: 0
2019-10-16 13:29:49.533271: I tensorflow/core/common_runtime/gpu/gpu_device.cc:952] Device interconnect StreamExecutor with strength 1 edge matrix:
2019-10-16 13:29:49.533313: I tensorflow/core/common_runtime/gpu/gpu_device.cc:958]      0 
2019-10-16 13:29:49.533319: I tensorflow/core/common_runtime/gpu/gpu_device.cc:971] 0:   N 
2019-10-16 13:29:49.533558: I tensorflow/core/common_runtime/gpu/gpu_device.cc:1084] Created TensorFlow device (/job:localhost/replica:0/task:0/device:GPU:0 with 10407 MB memory) -> physical GPU (device: 0, name: GeForce GTX 1080 Ti, pci bus id: 0000:06:00.0, compute capability: 6.1)
The total number of molecules is: 516 

Train on 513 samples, validate on 3 samples
Epoch 1/10

 86/513 [====>.........................] - ETA: 7s - loss: 0.2402
172/513 [=========>....................] - ETA: 3s - loss: 0.2361
258/513 [==============>...............] - ETA: 2s - loss: 0.2311
344/513 [===================>..........] - ETA: 1s - loss: 0.2216
430/513 [========================>.....] - ETA: 0s - loss: 0.2091
513/513 [==============================] - 4s 7ms/step - loss: 0.2026 - val_loss: 0.1070
Epoch 2/10

 86/513 [====>.........................] - ETA: 1s - loss: 0.1475
172/513 [=========>....................] - ETA: 1s - loss: 0.1506
258/513 [==============>...............] - ETA: 1s - loss: 0.1447
344/513 [===================>..........] - ETA: 0s - loss: 0.1408
430/513 [========================>.....] - ETA: 0s - loss: 0.1383
513/513 [==============================] - 2s 4ms/step - loss: 0.1360 - val_loss: 0.0857
Epoch 3/10

 86/513 [====>.........................] - ETA: 1s - loss: 0.1179
172/513 [=========>....................] - ETA: 1s - loss: 0.1188
258/513 [==============>...............] - ETA: 1s - loss: 0.1185
344/513 [===================>..........] - ETA: 0s - loss: 0.1162
430/513 [========================>.....] - ETA: 0s - loss: 0.1141
513/513 [==============================] - 2s 4ms/step - loss: 0.1125 - val_loss: 0.0824
Epoch 4/10

 86/513 [====>.........................] - ETA: 1s - loss: 0.1043
172/513 [=========>....................] - ETA: 1s - loss: 0.1018
258/513 [==============>...............] - ETA: 1s - loss: 0.1008
344/513 [===================>..........] - ETA: 0s - loss: 0.1009
430/513 [========================>.....] - ETA: 0s - loss: 0.1011
513/513 [==============================] - 2s 4ms/step - loss: 0.0992 - val_loss: 0.0805
Epoch 5/10

 86/513 [====>.........................] - ETA: 1s - loss: 0.0967
172/513 [=========>....................] - ETA: 1s - loss: 0.0941
258/513 [==============>...............] - ETA: 1s - loss: 0.0949
344/513 [===================>..........] - ETA: 0s - loss: 0.0939
430/513 [========================>.....] - ETA: 0s - loss: 0.0924
513/513 [==============================] - 2s 5ms/step - loss: 0.0909 - val_loss: 0.0772
Epoch 6/10

 86/513 [====>.........................] - ETA: 1s - loss: 0.0855
172/513 [=========>....................] - ETA: 1s - loss: 0.0852
258/513 [==============>...............] - ETA: 1s - loss: 0.0837
344/513 [===================>..........] - ETA: 0s - loss: 0.0832
430/513 [========================>.....] - ETA: 0s - loss: 0.0833
513/513 [==============================] - 2s 5ms/step - loss: 0.0838 - val_loss: 0.0734
Epoch 7/10

 86/513 [====>.........................] - ETA: 1s - loss: 0.0846
172/513 [=========>....................] - ETA: 1s - loss: 0.0828
258/513 [==============>...............] - ETA: 1s - loss: 0.0831
344/513 [===================>..........] - ETA: 0s - loss: 0.0805
430/513 [========================>.....] - ETA: 0s - loss: 0.0803
513/513 [==============================] - 2s 4ms/step - loss: 0.0805 - val_loss: 0.0709
Epoch 8/10

 86/513 [====>.........................] - ETA: 1s - loss: 0.0779
172/513 [=========>....................] - ETA: 1s - loss: 0.0788
258/513 [==============>...............] - ETA: 1s - loss: 0.0776
344/513 [===================>..........] - ETA: 0s - loss: 0.0769
430/513 [========================>.....] - ETA: 0s - loss: 0.0763
513/513 [==============================] - 2s 4ms/step - loss: 0.0756 - val_loss: 0.0702
Epoch 9/10

 86/513 [====>.........................] - ETA: 1s - loss: 0.0701
172/513 [=========>....................] - ETA: 1s - loss: 0.0697
258/513 [==============>...............] - ETA: 1s - loss: 0.0693
344/513 [===================>..........] - ETA: 0s - loss: 0.0713
430/513 [========================>.....] - ETA: 0s - loss: 0.0741
513/513 [==============================] - 2s 4ms/step - loss: 0.0739 - val_loss: 0.0707
Epoch 10/10

 86/513 [====>.........................] - ETA: 1s - loss: 0.0722
172/513 [=========>....................] - ETA: 1s - loss: 0.0710
258/513 [==============>...............] - ETA: 1s - loss: 0.0713
344/513 [===================>..........] - ETA: 0s - loss: 0.0708
430/513 [========================>.....] - ETA: 0s - loss: 0.0699
513/513 [==============================] - 2s 4ms/step - loss: 0.0704 - val_loss: 0.0697
Using TensorFlow backend.
Transfer learning took 24.80 s
