nohup: ignoring input
2019-10-16 13:16:34.330314: I tensorflow/core/platform/cpu_feature_guard.cc:141] Your CPU supports instructions that this TensorFlow binary was not compiled to use: AVX2 FMA
2019-10-16 13:16:34.482542: I tensorflow/stream_executor/cuda/cuda_gpu_executor.cc:897] successful NUMA node read from SysFS had negative value (-1), but there must be at least one NUMA node, so returning NUMA node zero
2019-10-16 13:16:34.483515: I tensorflow/core/common_runtime/gpu/gpu_device.cc:1392] Found device 0 with properties: 
name: GeForce GTX 1080 Ti major: 6 minor: 1 memoryClockRate(GHz): 1.582
pciBusID: 0000:06:00.0
totalMemory: 10.92GiB freeMemory: 10.76GiB
2019-10-16 13:16:34.483529: I tensorflow/core/common_runtime/gpu/gpu_device.cc:1471] Adding visible gpu devices: 0
2019-10-16 13:16:34.699853: I tensorflow/core/common_runtime/gpu/gpu_device.cc:952] Device interconnect StreamExecutor with strength 1 edge matrix:
2019-10-16 13:16:34.699894: I tensorflow/core/common_runtime/gpu/gpu_device.cc:958]      0 
2019-10-16 13:16:34.699900: I tensorflow/core/common_runtime/gpu/gpu_device.cc:971] 0:   N 
2019-10-16 13:16:34.700152: I tensorflow/core/common_runtime/gpu/gpu_device.cc:1084] Created TensorFlow device (/job:localhost/replica:0/task:0/device:GPU:0 with 10407 MB memory) -> physical GPU (device: 0, name: GeForce GTX 1080 Ti, pci bus id: 0000:06:00.0, compute capability: 6.1)
[13:17:14] Can't kekulize mol.  Unkekulized atoms: 11 12 13 14 36

[13:17:14] Can't kekulize mol.  Unkekulized atoms: 3 4 9 10 11 13 14

[13:17:14] SMILES Parse Error: unclosed ring for input: 'C[C@@H](NC(=O)[C@@H](O)[C@H](N)CC1CCCCC1)C1CCCCCCC(O)=O'
[13:17:14] Can't kekulize mol.  Unkekulized atoms: 7 8 9 11 12

[13:17:14] SMILES Parse Error: unclosed ring for input: 'CCOC(=O)c1ccccc1\C=C\c1ccc2c3c[nH]cc4c(=O)n(C)c(=O)n(CCc4c(=O)[nH]c3c2OCCOC)c2c1'
[13:17:14] Can't kekulize mol.  Unkekulized atoms: 19 20 21 22 24 25 27

Using TensorFlow backend.
100 smiles have been generated in 37.61 s
There are 90 valid and unique SMILES
