nohup: ignoring input
2019-10-16 13:31:08.861530: I tensorflow/core/platform/cpu_feature_guard.cc:141] Your CPU supports instructions that this TensorFlow binary was not compiled to use: AVX2 FMA
2019-10-16 13:31:09.019239: I tensorflow/stream_executor/cuda/cuda_gpu_executor.cc:897] successful NUMA node read from SysFS had negative value (-1), but there must be at least one NUMA node, so returning NUMA node zero
2019-10-16 13:31:09.020252: I tensorflow/core/common_runtime/gpu/gpu_device.cc:1392] Found device 0 with properties: 
name: GeForce GTX 1080 Ti major: 6 minor: 1 memoryClockRate(GHz): 1.582
pciBusID: 0000:06:00.0
totalMemory: 10.92GiB freeMemory: 10.76GiB
2019-10-16 13:31:09.020268: I tensorflow/core/common_runtime/gpu/gpu_device.cc:1471] Adding visible gpu devices: 0
2019-10-16 13:31:09.238605: I tensorflow/core/common_runtime/gpu/gpu_device.cc:952] Device interconnect StreamExecutor with strength 1 edge matrix:
2019-10-16 13:31:09.238647: I tensorflow/core/common_runtime/gpu/gpu_device.cc:958]      0 
2019-10-16 13:31:09.238653: I tensorflow/core/common_runtime/gpu/gpu_device.cc:971] 0:   N 
2019-10-16 13:31:09.238895: I tensorflow/core/common_runtime/gpu/gpu_device.cc:1084] Created TensorFlow device (/job:localhost/replica:0/task:0/device:GPU:0 with 10407 MB memory) -> physical GPU (device: 0, name: GeForce GTX 1080 Ti, pci bus id: 0000:06:00.0, compute capability: 6.1)
[13:31:49] Can't kekulize mol.  Unkekulized atoms: 10 11 34

[13:31:49] Can't kekulize mol.  Unkekulized atoms: 7 8 9 10 11

[13:31:49] Can't kekulize mol.  Unkekulized atoms: 3 4 23 24 26 27 28

[13:31:49] Can't kekulize mol.  Unkekulized atoms: 4 5 6 7 19

[13:31:49] Can't kekulize mol.  Unkekulized atoms: 1 2 3 4 5 6 7 8 9 11 12 13

[13:31:49] SMILES Parse Error: extra close parentheses for input: 'C[C@H](NC(=O)[C@H](O)[C@H](N)C1CCC1)c1ccc2[C@H](C)[C@@H](O)CC(=O)NC(C)(C)C)c2c1'
[13:31:49] Can't kekulize mol.  Unkekulized atoms: 10 11 12 13 14 15 16 19 20 21 22 23 24

[13:31:49] Can't kekulize mol.  Unkekulized atoms: 3 4 45 46 47 48 49 50 51

[13:31:49] SMILES Parse Error: unclosed ring for input: 'CCc1cc(F)ccc1S(=O)(=O)Nc1ccc2CCCCc1c1C(O)=O'
[13:31:49] Can't kekulize mol.  Unkekulized atoms: 13 14 15 16 24

Using TensorFlow backend.
100 smiles have been generated in 38.54 s
There are 86 valid and unique SMILES
